2023-01-12 10:23:41 warning: DebugKit not enabled. You need to either install pdo_sqlite, or define the "debug_kit" connection name.
2023-01-12 10:23:41 warning: Unable to save request. Check your debug_kit datasource connection or ensure that PDO SQLite extension is enabled.
2023-01-12 10:23:41 warning: The datasource configuration "debug_kit" was not found.
2023-01-12 10:23:47 warning: DebugKit not enabled. You need to either install pdo_sqlite, or define the "debug_kit" connection name.
2023-01-12 10:23:48 warning: Unable to save request. Check your debug_kit datasource connection or ensure that PDO SQLite extension is enabled.
2023-01-12 10:23:48 warning: The datasource configuration "debug_kit" was not found.
2023-01-12 10:23:50 warning: DebugKit not enabled. You need to either install pdo_sqlite, or define the "debug_kit" connection name.
2023-01-12 10:23:50 warning: Unable to save request. Check your debug_kit datasource connection or ensure that PDO SQLite extension is enabled.
2023-01-12 10:23:50 warning: The datasource configuration "debug_kit" was not found.
2023-01-12 10:28:41 warning: DebugKit not enabled. You need to either install pdo_sqlite, or define the "debug_kit" connection name.
2023-01-12 10:28:41 warning: Unable to save request. Check your debug_kit datasource connection or ensure that PDO SQLite extension is enabled.
2023-01-12 10:28:41 warning: The datasource configuration "debug_kit" was not found.
2023-01-12 10:28:45 warning: DebugKit not enabled. You need to either install pdo_sqlite, or define the "debug_kit" connection name.
2023-01-12 10:28:45 error: [Cake\Http\Exception\InvalidCsrfTokenException] Missing or invalid CSRF cookie. in /var/www/html/cakeinsert/vendor/cakephp/cakephp/src/Http/Middleware/CsrfProtectionMiddleware.php on line 394
Stack Trace:
- /var/www/html/cakeinsert/vendor/cakephp/cakephp/src/Http/Middleware/CsrfProtectionMiddleware.php:170
- /var/www/html/cakeinsert/vendor/cakephp/cakephp/src/Http/Runner.php:73
- /var/www/html/cakeinsert/vendor/cakephp/cakephp/src/Http/Middleware/BodyParserMiddleware.php:162
- /var/www/html/cakeinsert/vendor/cakephp/cakephp/src/Http/Runner.php:73
- /var/www/html/cakeinsert/vendor/cakephp/cakephp/src/Routing/Middleware/RoutingMiddleware.php:186
- /var/www/html/cakeinsert/vendor/cakephp/cakephp/src/Http/Runner.php:73
- /var/www/html/cakeinsert/vendor/cakephp/cakephp/src/Routing/Middleware/AssetMiddleware.php:68
- /var/www/html/cakeinsert/vendor/cakephp/cakephp/src/Http/Runner.php:73
- /var/www/html/cakeinsert/vendor/cakephp/cakephp/src/Error/Middleware/ErrorHandlerMiddleware.php:131
- /var/www/html/cakeinsert/vendor/cakephp/cakephp/src/Http/Runner.php:73
- /var/www/html/cakeinsert/vendor/cakephp/debug_kit/src/Middleware/DebugKitMiddleware.php:60
- /var/www/html/cakeinsert/vendor/cakephp/cakephp/src/Http/Runner.php:73
- /var/www/html/cakeinsert/vendor/cakephp/cakephp/src/Http/Runner.php:58
- /var/www/html/cakeinsert/vendor/cakephp/cakephp/src/Http/Server.php:90
- /var/www/html/cakeinsert/webroot/index.php:40

Request URL: /test/add
Referer URL: http://localhost:8765/test/add
Client IP: 127.0.0.1
2023-01-12 10:28:45 warning: Unable to save request. Check your debug_kit datasource connection or ensure that PDO SQLite extension is enabled.
2023-01-12 10:28:45 warning: The datasource configuration "debug_kit" was not found.
2023-01-12 10:31:12 warning: DebugKit not enabled. You need to either install pdo_sqlite, or define the "debug_kit" connection name.
2023-01-12 10:31:12 warning: Unable to save request. Check your debug_kit datasource connection or ensure that PDO SQLite extension is enabled.
2023-01-12 10:31:12 warning: The datasource configuration "debug_kit" was not found.
2023-01-12 10:34:00 warning: DebugKit not enabled. You need to either install pdo_sqlite, or define the "debug_kit" connection name.
2023-01-12 10:34:01 warning: Unable to save request. Check your debug_kit datasource connection or ensure that PDO SQLite extension is enabled.
2023-01-12 10:34:01 warning: The datasource configuration "debug_kit" was not found.
2023-01-12 10:34:01 warning: DebugKit not enabled. You need to either install pdo_sqlite, or define the "debug_kit" connection name.
2023-01-12 10:34:01 warning: Unable to save request. Check your debug_kit datasource connection or ensure that PDO SQLite extension is enabled.
2023-01-12 10:34:01 warning: The datasource configuration "debug_kit" was not found.
2023-01-12 10:34:07 warning: DebugKit not enabled. You need to either install pdo_sqlite, or define the "debug_kit" connection name.
2023-01-12 10:34:07 warning: Unable to save request. Check your debug_kit datasource connection or ensure that PDO SQLite extension is enabled.
2023-01-12 10:34:07 warning: The datasource configuration "debug_kit" was not found.
2023-01-12 10:34:08 warning: DebugKit not enabled. You need to either install pdo_sqlite, or define the "debug_kit" connection name.
2023-01-12 10:34:08 warning: Unable to save request. Check your debug_kit datasource connection or ensure that PDO SQLite extension is enabled.
2023-01-12 10:34:08 warning: The datasource configuration "debug_kit" was not found.
2023-01-12 10:34:08 warning: DebugKit not enabled. You need to either install pdo_sqlite, or define the "debug_kit" connection name.
2023-01-12 10:34:08 warning: Unable to save request. Check your debug_kit datasource connection or ensure that PDO SQLite extension is enabled.
2023-01-12 10:34:08 warning: The datasource configuration "debug_kit" was not found.
2023-01-12 10:34:10 warning: DebugKit not enabled. You need to either install pdo_sqlite, or define the "debug_kit" connection name.
2023-01-12 10:34:10 warning: Unable to save request. Check your debug_kit datasource connection or ensure that PDO SQLite extension is enabled.
2023-01-12 10:34:10 warning: The datasource configuration "debug_kit" was not found.
2023-01-12 10:34:12 warning: DebugKit not enabled. You need to either install pdo_sqlite, or define the "debug_kit" connection name.
2023-01-12 10:34:12 warning: Unable to save request. Check your debug_kit datasource connection or ensure that PDO SQLite extension is enabled.
2023-01-12 10:34:12 warning: The datasource configuration "debug_kit" was not found.
2023-01-12 10:34:12 warning: DebugKit not enabled. You need to either install pdo_sqlite, or define the "debug_kit" connection name.
2023-01-12 10:34:12 warning: Unable to save request. Check your debug_kit datasource connection or ensure that PDO SQLite extension is enabled.
2023-01-12 10:34:12 warning: The datasource configuration "debug_kit" was not found.
2023-01-12 10:34:12 warning: DebugKit not enabled. You need to either install pdo_sqlite, or define the "debug_kit" connection name.
2023-01-12 10:34:12 warning: Unable to save request. Check your debug_kit datasource connection or ensure that PDO SQLite extension is enabled.
2023-01-12 10:34:12 warning: The datasource configuration "debug_kit" was not found.
2023-01-12 10:34:13 warning: DebugKit not enabled. You need to either install pdo_sqlite, or define the "debug_kit" connection name.
2023-01-12 10:34:13 warning: Unable to save request. Check your debug_kit datasource connection or ensure that PDO SQLite extension is enabled.
2023-01-12 10:34:13 warning: The datasource configuration "debug_kit" was not found.
2023-01-12 10:34:13 warning: DebugKit not enabled. You need to either install pdo_sqlite, or define the "debug_kit" connection name.
2023-01-12 10:34:13 warning: Unable to save request. Check your debug_kit datasource connection or ensure that PDO SQLite extension is enabled.
2023-01-12 10:34:13 warning: The datasource configuration "debug_kit" was not found.
2023-01-12 10:56:25 warning: DebugKit not enabled. You need to either install pdo_sqlite, or define the "debug_kit" connection name.
2023-01-12 10:56:25 warning: Unable to save request. Check your debug_kit datasource connection or ensure that PDO SQLite extension is enabled.
2023-01-12 10:56:25 warning: The datasource configuration "debug_kit" was not found.
2023-01-12 10:56:26 warning: DebugKit not enabled. You need to either install pdo_sqlite, or define the "debug_kit" connection name.
2023-01-12 10:56:26 warning: Unable to save request. Check your debug_kit datasource connection or ensure that PDO SQLite extension is enabled.
2023-01-12 10:56:26 warning: The datasource configuration "debug_kit" was not found.
2023-01-12 10:56:28 warning: DebugKit not enabled. You need to either install pdo_sqlite, or define the "debug_kit" connection name.
2023-01-12 10:56:28 error: [PDOException] SQLSTATE[HY000]: General error: 1364 Field 'name' doesn't have a default value in /var/www/html/cakeinsert/vendor/cakephp/cakephp/src/Database/Statement/MysqlStatement.php on line 39
Stack Trace:
- /var/www/html/cakeinsert/vendor/cakephp/cakephp/src/Database/Statement/MysqlStatement.php:39
- /var/www/html/cakeinsert/vendor/cakephp/cakephp/src/Database/Statement/StatementDecorator.php:180
- /var/www/html/cakeinsert/vendor/cakephp/cakephp/src/Database/Log/LoggingStatement.php:75
- /var/www/html/cakeinsert/vendor/cakephp/cakephp/src/Database/Connection.php:360
- /var/www/html/cakeinsert/vendor/cakephp/cakephp/src/Core/Retry/CommandRetry.php:70
- /var/www/html/cakeinsert/vendor/cakephp/cakephp/src/Database/Connection.php:363
- /var/www/html/cakeinsert/vendor/cakephp/cakephp/src/Database/Query.php:254
- /var/www/html/cakeinsert/vendor/cakephp/cakephp/src/ORM/Table.php:2091
- /var/www/html/cakeinsert/vendor/cakephp/cakephp/src/ORM/Table.php:1984
- /var/www/html/cakeinsert/vendor/cakephp/cakephp/src/ORM/Table.php:1883
- /var/www/html/cakeinsert/vendor/cakephp/cakephp/src/ORM/Table.php:1570
- /var/www/html/cakeinsert/vendor/cakephp/cakephp/src/Database/Connection.php:709
- /var/www/html/cakeinsert/vendor/cakephp/cakephp/src/ORM/Table.php:1571
- /var/www/html/cakeinsert/vendor/cakephp/cakephp/src/ORM/Table.php:1884
- /var/www/html/cakeinsert/src/Controller/TestController.php:56
- /var/www/html/cakeinsert/vendor/cakephp/cakephp/src/Controller/Controller.php:547
- /var/www/html/cakeinsert/vendor/cakephp/cakephp/src/Controller/ControllerFactory.php:139
- /var/www/html/cakeinsert/vendor/cakephp/cakephp/src/Controller/ControllerFactory.php:114
- /var/www/html/cakeinsert/vendor/cakephp/cakephp/src/Http/BaseApplication.php:320
- /var/www/html/cakeinsert/vendor/cakephp/cakephp/src/Http/Runner.php:77
- /var/www/html/cakeinsert/vendor/cakephp/cakephp/src/Http/Middleware/CsrfProtectionMiddleware.php:174
- /var/www/html/cakeinsert/vendor/cakephp/cakephp/src/Http/Runner.php:73
- /var/www/html/cakeinsert/vendor/cakephp/cakephp/src/Http/Middleware/BodyParserMiddleware.php:162
- /var/www/html/cakeinsert/vendor/cakephp/cakephp/src/Http/Runner.php:73
- /var/www/html/cakeinsert/vendor/cakephp/cakephp/src/Routing/Middleware/RoutingMiddleware.php:186
- /var/www/html/cakeinsert/vendor/cakephp/cakephp/src/Http/Runner.php:73
- /var/www/html/cakeinsert/vendor/cakephp/cakephp/src/Routing/Middleware/AssetMiddleware.php:68
- /var/www/html/cakeinsert/vendor/cakephp/cakephp/src/Http/Runner.php:73
- /var/www/html/cakeinsert/vendor/cakephp/cakephp/src/Error/Middleware/ErrorHandlerMiddleware.php:131
- /var/www/html/cakeinsert/vendor/cakephp/cakephp/src/Http/Runner.php:73
- /var/www/html/cakeinsert/vendor/cakephp/debug_kit/src/Middleware/DebugKitMiddleware.php:60
- /var/www/html/cakeinsert/vendor/cakephp/cakephp/src/Http/Runner.php:73
- /var/www/html/cakeinsert/vendor/cakephp/cakephp/src/Http/Runner.php:58
- /var/www/html/cakeinsert/vendor/cakephp/cakephp/src/Http/Server.php:90
- /var/www/html/cakeinsert/webroot/index.php:40

Request URL: /test/add
Referer URL: http://localhost:8765/test/add
Client IP: 127.0.0.1
2023-01-12 10:56:28 warning: Unable to save request. Check your debug_kit datasource connection or ensure that PDO SQLite extension is enabled.
2023-01-12 10:56:28 warning: The datasource configuration "debug_kit" was not found.
2023-01-12 10:57:05 warning: DebugKit not enabled. You need to either install pdo_sqlite, or define the "debug_kit" connection name.
2023-01-12 10:57:05 warning: Unable to save request. Check your debug_kit datasource connection or ensure that PDO SQLite extension is enabled.
2023-01-12 10:57:05 warning: The datasource configuration "debug_kit" was not found.
2023-01-12 10:57:05 warning: DebugKit not enabled. You need to either install pdo_sqlite, or define the "debug_kit" connection name.
2023-01-12 10:57:05 warning: Unable to save request. Check your debug_kit datasource connection or ensure that PDO SQLite extension is enabled.
2023-01-12 10:57:05 warning: The datasource configuration "debug_kit" was not found.
2023-01-12 10:58:52 warning: DebugKit not enabled. You need to either install pdo_sqlite, or define the "debug_kit" connection name.
2023-01-12 10:58:52 warning: Unable to save request. Check your debug_kit datasource connection or ensure that PDO SQLite extension is enabled.
2023-01-12 10:58:52 warning: The datasource configuration "debug_kit" was not found.
2023-01-12 10:58:54 warning: DebugKit not enabled. You need to either install pdo_sqlite, or define the "debug_kit" connection name.
2023-01-12 10:58:54 error: [RuntimeException] No context provider found for value of type `App\Model\Table\TestTable`. Use `null` as 1st argument of FormHelper::create() to create a context-less form. in /var/www/html/cakeinsert/vendor/cakephp/cakephp/src/View/Form/ContextFactory.php on line 154
Stack Trace:
- /var/www/html/cakeinsert/vendor/cakephp/cakephp/src/View/Helper/FormHelper.php:2445
- /var/www/html/cakeinsert/vendor/cakephp/cakephp/src/View/Helper/FormHelper.php:376
- /var/www/html/cakeinsert/templates/Test/add.php:16
- /var/www/html/cakeinsert/vendor/cakephp/cakephp/src/View/View.php:1220
- /var/www/html/cakeinsert/vendor/cakephp/cakephp/src/View/View.php:1177
- /var/www/html/cakeinsert/vendor/cakephp/cakephp/src/View/View.php:808
- /var/www/html/cakeinsert/vendor/cakephp/cakephp/src/Controller/Controller.php:773
- /var/www/html/cakeinsert/vendor/cakephp/cakephp/src/Controller/Controller.php:556
- /var/www/html/cakeinsert/vendor/cakephp/cakephp/src/Controller/ControllerFactory.php:139
- /var/www/html/cakeinsert/vendor/cakephp/cakephp/src/Controller/ControllerFactory.php:114
- /var/www/html/cakeinsert/vendor/cakephp/cakephp/src/Http/BaseApplication.php:320
- /var/www/html/cakeinsert/vendor/cakephp/cakephp/src/Http/Runner.php:77
- /var/www/html/cakeinsert/vendor/cakephp/cakephp/src/Http/Middleware/CsrfProtectionMiddleware.php:174
- /var/www/html/cakeinsert/vendor/cakephp/cakephp/src/Http/Runner.php:73
- /var/www/html/cakeinsert/vendor/cakephp/cakephp/src/Http/Middleware/BodyParserMiddleware.php:157
- /var/www/html/cakeinsert/vendor/cakephp/cakephp/src/Http/Runner.php:73
- /var/www/html/cakeinsert/vendor/cakephp/cakephp/src/Routing/Middleware/RoutingMiddleware.php:186
- /var/www/html/cakeinsert/vendor/cakephp/cakephp/src/Http/Runner.php:73
- /var/www/html/cakeinsert/vendor/cakephp/cakephp/src/Routing/Middleware/AssetMiddleware.php:68
- /var/www/html/cakeinsert/vendor/cakephp/cakephp/src/Http/Runner.php:73
- /var/www/html/cakeinsert/vendor/cakephp/cakephp/src/Error/Middleware/ErrorHandlerMiddleware.php:131
- /var/www/html/cakeinsert/vendor/cakephp/cakephp/src/Http/Runner.php:73
- /var/www/html/cakeinsert/vendor/cakephp/debug_kit/src/Middleware/DebugKitMiddleware.php:60
- /var/www/html/cakeinsert/vendor/cakephp/cakephp/src/Http/Runner.php:73
- /var/www/html/cakeinsert/vendor/cakephp/cakephp/src/Http/Runner.php:58
- /var/www/html/cakeinsert/vendor/cakephp/cakephp/src/Http/Server.php:90
- /var/www/html/cakeinsert/webroot/index.php:40

Request URL: /test/add
Referer URL: http://localhost:8765/test
Client IP: 127.0.0.1
2023-01-12 10:58:54 warning: Unable to save request. Check your debug_kit datasource connection or ensure that PDO SQLite extension is enabled.
2023-01-12 10:58:54 warning: The datasource configuration "debug_kit" was not found.
2023-01-12 10:59:30 warning: DebugKit not enabled. You need to either install pdo_sqlite, or define the "debug_kit" connection name.
2023-01-12 10:59:30 warning: Undefined variable $test
Request URL: /test/add
Client IP: 127.0.0.1
Trace:
App\Controller\TestController::add() /var/www/html/cakeinsert/src/Controller/TestController.php, line 49
Cake\Controller\Controller::invokeAction() /var/www/html/cakeinsert/vendor/cakephp/cakephp/src/Controller/Controller.php, line 547
Cake\Controller\ControllerFactory::handle() /var/www/html/cakeinsert/vendor/cakephp/cakephp/src/Controller/ControllerFactory.php, line 139
Cake\Controller\ControllerFactory::invoke() /var/www/html/cakeinsert/vendor/cakephp/cakephp/src/Controller/ControllerFactory.php, line 114
Cake\Http\BaseApplication::handle() /var/www/html/cakeinsert/vendor/cakephp/cakephp/src/Http/BaseApplication.php, line 320
Cake\Http\Runner::handle() /var/www/html/cakeinsert/vendor/cakephp/cakephp/src/Http/Runner.php, line 77
Cake\Http\Middleware\CsrfProtectionMiddleware::process() /var/www/html/cakeinsert/vendor/cakephp/cakephp/src/Http/Middleware/CsrfProtectionMiddleware.php, line 174
Cake\Http\Runner::handle() /var/www/html/cakeinsert/vendor/cakephp/cakephp/src/Http/Runner.php, line 73
Cake\Http\Middleware\BodyParserMiddleware::process() /var/www/html/cakeinsert/vendor/cakephp/cakephp/src/Http/Middleware/BodyParserMiddleware.php, line 157
Cake\Http\Runner::handle() /var/www/html/cakeinsert/vendor/cakephp/cakephp/src/Http/Runner.php, line 73
Cake\Routing\Middleware\RoutingMiddleware::process() /var/www/html/cakeinsert/vendor/cakephp/cakephp/src/Routing/Middleware/RoutingMiddleware.php, line 186
Cake\Http\Runner::handle() /var/www/html/cakeinsert/vendor/cakephp/cakephp/src/Http/Runner.php, line 73
Cake\Routing\Middleware\AssetMiddleware::process() /var/www/html/cakeinsert/vendor/cakephp/cakephp/src/Routing/Middleware/AssetMiddleware.php, line 68
Cake\Http\Runner::handle() /var/www/html/cakeinsert/vendor/cakephp/cakephp/src/Http/Runner.php, line 73
Cake\Error\Middleware\ErrorHandlerMiddleware::process() /var/www/html/cakeinsert/vendor/cakephp/cakephp/src/Error/Middleware/ErrorHandlerMiddleware.php, line 131
Cake\Http\Runner::handle() /var/www/html/cakeinsert/vendor/cakephp/cakephp/src/Http/Runner.php, line 73
DebugKit\Middleware\DebugKitMiddleware::process() /var/www/html/cakeinsert/vendor/cakephp/debug_kit/src/Middleware/DebugKitMiddleware.php, line 60
Cake\Http\Runner::handle() /var/www/html/cakeinsert/vendor/cakephp/cakephp/src/Http/Runner.php, line 73
Cake\Http\Runner::run() /var/www/html/cakeinsert/vendor/cakephp/cakephp/src/Http/Runner.php, line 58
Cake\Http\Server::run() /var/www/html/cakeinsert/vendor/cakephp/cakephp/src/Http/Server.php, line 90
[main] /var/www/html/cakeinsert/webroot/index.php, line 40

2023-01-12 10:59:30 error: [TypeError] Cake\ORM\Table::patchEntity(): Argument #1 ($entity) must be of type Cake\Datasource\EntityInterface, null given, called in /var/www/html/cakeinsert/src/Controller/TestController.php on line 49 in /var/www/html/cakeinsert/vendor/cakephp/cakephp/src/ORM/Table.php on line 2881
Stack Trace:
- /var/www/html/cakeinsert/src/Controller/TestController.php:49
- /var/www/html/cakeinsert/vendor/cakephp/cakephp/src/Controller/Controller.php:547
- /var/www/html/cakeinsert/vendor/cakephp/cakephp/src/Controller/ControllerFactory.php:139
- /var/www/html/cakeinsert/vendor/cakephp/cakephp/src/Controller/ControllerFactory.php:114
- /var/www/html/cakeinsert/vendor/cakephp/cakephp/src/Http/BaseApplication.php:320
- /var/www/html/cakeinsert/vendor/cakephp/cakephp/src/Http/Runner.php:77
- /var/www/html/cakeinsert/vendor/cakephp/cakephp/src/Http/Middleware/CsrfProtectionMiddleware.php:174
- /var/www/html/cakeinsert/vendor/cakephp/cakephp/src/Http/Runner.php:73
- /var/www/html/cakeinsert/vendor/cakephp/cakephp/src/Http/Middleware/BodyParserMiddleware.php:157
- /var/www/html/cakeinsert/vendor/cakephp/cakephp/src/Http/Runner.php:73
- /var/www/html/cakeinsert/vendor/cakephp/cakephp/src/Routing/Middleware/RoutingMiddleware.php:186
- /var/www/html/cakeinsert/vendor/cakephp/cakephp/src/Http/Runner.php:73
- /var/www/html/cakeinsert/vendor/cakephp/cakephp/src/Routing/Middleware/AssetMiddleware.php:68
- /var/www/html/cakeinsert/vendor/cakephp/cakephp/src/Http/Runner.php:73
- /var/www/html/cakeinsert/vendor/cakephp/cakephp/src/Error/Middleware/ErrorHandlerMiddleware.php:131
- /var/www/html/cakeinsert/vendor/cakephp/cakephp/src/Http/Runner.php:73
- /var/www/html/cakeinsert/vendor/cakephp/debug_kit/src/Middleware/DebugKitMiddleware.php:60
- /var/www/html/cakeinsert/vendor/cakephp/cakephp/src/Http/Runner.php:73
- /var/www/html/cakeinsert/vendor/cakephp/cakephp/src/Http/Runner.php:58
- /var/www/html/cakeinsert/vendor/cakephp/cakephp/src/Http/Server.php:90
- /var/www/html/cakeinsert/webroot/index.php:40

Request URL: /test/add
Client IP: 127.0.0.1
2023-01-12 10:59:30 warning: Unable to save request. Check your debug_kit datasource connection or ensure that PDO SQLite extension is enabled.
2023-01-12 10:59:30 warning: The datasource configuration "debug_kit" was not found.
2023-01-12 10:59:30 warning: Unable to emit headers. Headers sent in file=/var/www/html/cakeinsert/vendor/cakephp/cakephp/src/Error/Renderer/HtmlErrorRenderer.php line=36
Request URL: /test/add
Client IP: 127.0.0.1
Trace:
Cake\Http\ResponseEmitter::emit() /var/www/html/cakeinsert/vendor/cakephp/cakephp/src/Http/ResponseEmitter.php, line 71
Cake\Http\Server::emit() /var/www/html/cakeinsert/vendor/cakephp/cakephp/src/Http/Server.php, line 128
[main] /var/www/html/cakeinsert/webroot/index.php, line 40

2023-01-12 10:59:30 warning: Cannot modify header information - headers already sent by (output started at /var/www/html/cakeinsert/vendor/cakephp/cakephp/src/Error/Renderer/HtmlErrorRenderer.php:36)
Request URL: /test/add
Client IP: 127.0.0.1
Trace:
header [internal], line ??
Cake\Http\ResponseEmitter::emitStatusLine() /var/www/html/cakeinsert/vendor/cakephp/cakephp/src/Http/ResponseEmitter.php, line 168
Cake\Http\ResponseEmitter::emit() /var/www/html/cakeinsert/vendor/cakephp/cakephp/src/Http/ResponseEmitter.php, line 74
Cake\Http\Server::emit() /var/www/html/cakeinsert/vendor/cakephp/cakephp/src/Http/Server.php, line 128
[main] /var/www/html/cakeinsert/webroot/index.php, line 40

2023-01-12 10:59:30 warning: Cannot modify header information - headers already sent by (output started at /var/www/html/cakeinsert/vendor/cakephp/cakephp/src/Error/Renderer/HtmlErrorRenderer.php:36)
Request URL: /test/add
Client IP: 127.0.0.1
Trace:
header [internal], line ??
Cake\Http\ResponseEmitter::emitHeaders() /var/www/html/cakeinsert/vendor/cakephp/cakephp/src/Http/ResponseEmitter.php, line 197
Cake\Http\ResponseEmitter::emit() /var/www/html/cakeinsert/vendor/cakephp/cakephp/src/Http/ResponseEmitter.php, line 75
Cake\Http\Server::emit() /var/www/html/cakeinsert/vendor/cakephp/cakephp/src/Http/Server.php, line 128
[main] /var/www/html/cakeinsert/webroot/index.php, line 40

2023-01-12 10:59:40 warning: DebugKit not enabled. You need to either install pdo_sqlite, or define the "debug_kit" connection name.
2023-01-12 10:59:41 warning: Unable to save request. Check your debug_kit datasource connection or ensure that PDO SQLite extension is enabled.
2023-01-12 10:59:41 warning: The datasource configuration "debug_kit" was not found.
2023-01-12 10:59:51 warning: DebugKit not enabled. You need to either install pdo_sqlite, or define the "debug_kit" connection name.
2023-01-12 10:59:51 error: [ArgumentCountError] Too few arguments to function Cake\ORM\Table::patchEntity(), 0 passed in /var/www/html/cakeinsert/src/Controller/TestController.php on line 49 and at least 2 expected in /var/www/html/cakeinsert/vendor/cakephp/cakephp/src/ORM/Table.php on line 2881
Stack Trace:
- /var/www/html/cakeinsert/src/Controller/TestController.php:49
- /var/www/html/cakeinsert/vendor/cakephp/cakephp/src/Controller/Controller.php:547
- /var/www/html/cakeinsert/vendor/cakephp/cakephp/src/Controller/ControllerFactory.php:139
- /var/www/html/cakeinsert/vendor/cakephp/cakephp/src/Controller/ControllerFactory.php:114
- /var/www/html/cakeinsert/vendor/cakephp/cakephp/src/Http/BaseApplication.php:320
- /var/www/html/cakeinsert/vendor/cakephp/cakephp/src/Http/Runner.php:77
- /var/www/html/cakeinsert/vendor/cakephp/cakephp/src/Http/Middleware/CsrfProtectionMiddleware.php:174
- /var/www/html/cakeinsert/vendor/cakephp/cakephp/src/Http/Runner.php:73
- /var/www/html/cakeinsert/vendor/cakephp/cakephp/src/Http/Middleware/BodyParserMiddleware.php:157
- /var/www/html/cakeinsert/vendor/cakephp/cakephp/src/Http/Runner.php:73
- /var/www/html/cakeinsert/vendor/cakephp/cakephp/src/Routing/Middleware/RoutingMiddleware.php:186
- /var/www/html/cakeinsert/vendor/cakephp/cakephp/src/Http/Runner.php:73
- /var/www/html/cakeinsert/vendor/cakephp/cakephp/src/Routing/Middleware/AssetMiddleware.php:68
- /var/www/html/cakeinsert/vendor/cakephp/cakephp/src/Http/Runner.php:73
- /var/www/html/cakeinsert/vendor/cakephp/cakephp/src/Error/Middleware/ErrorHandlerMiddleware.php:131
- /var/www/html/cakeinsert/vendor/cakephp/cakephp/src/Http/Runner.php:73
- /var/www/html/cakeinsert/vendor/cakephp/debug_kit/src/Middleware/DebugKitMiddleware.php:60
- /var/www/html/cakeinsert/vendor/cakephp/cakephp/src/Http/Runner.php:73
- /var/www/html/cakeinsert/vendor/cakephp/cakephp/src/Http/Runner.php:58
- /var/www/html/cakeinsert/vendor/cakephp/cakephp/src/Http/Server.php:90
- /var/www/html/cakeinsert/webroot/index.php:40

Request URL: /test/add
Client IP: 127.0.0.1
2023-01-12 10:59:51 warning: Unable to save request. Check your debug_kit datasource connection or ensure that PDO SQLite extension is enabled.
2023-01-12 10:59:51 warning: The datasource configuration "debug_kit" was not found.
2023-01-12 11:00:19 warning: DebugKit not enabled. You need to either install pdo_sqlite, or define the "debug_kit" connection name.
2023-01-12 11:00:19 error: [Error] Class "App\Controller\Test" not found in /var/www/html/cakeinsert/src/Controller/TestController.php on line 49
Stack Trace:
- /var/www/html/cakeinsert/vendor/cakephp/cakephp/src/Controller/Controller.php:547
- /var/www/html/cakeinsert/vendor/cakephp/cakephp/src/Controller/ControllerFactory.php:139
- /var/www/html/cakeinsert/vendor/cakephp/cakephp/src/Controller/ControllerFactory.php:114
- /var/www/html/cakeinsert/vendor/cakephp/cakephp/src/Http/BaseApplication.php:320
- /var/www/html/cakeinsert/vendor/cakephp/cakephp/src/Http/Runner.php:77
- /var/www/html/cakeinsert/vendor/cakephp/cakephp/src/Http/Middleware/CsrfProtectionMiddleware.php:174
- /var/www/html/cakeinsert/vendor/cakephp/cakephp/src/Http/Runner.php:73
- /var/www/html/cakeinsert/vendor/cakephp/cakephp/src/Http/Middleware/BodyParserMiddleware.php:157
- /var/www/html/cakeinsert/vendor/cakephp/cakephp/src/Http/Runner.php:73
- /var/www/html/cakeinsert/vendor/cakephp/cakephp/src/Routing/Middleware/RoutingMiddleware.php:186
- /var/www/html/cakeinsert/vendor/cakephp/cakephp/src/Http/Runner.php:73
- /var/www/html/cakeinsert/vendor/cakephp/cakephp/src/Routing/Middleware/AssetMiddleware.php:68
- /var/www/html/cakeinsert/vendor/cakephp/cakephp/src/Http/Runner.php:73
- /var/www/html/cakeinsert/vendor/cakephp/cakephp/src/Error/Middleware/ErrorHandlerMiddleware.php:131
- /var/www/html/cakeinsert/vendor/cakephp/cakephp/src/Http/Runner.php:73
- /var/www/html/cakeinsert/vendor/cakephp/debug_kit/src/Middleware/DebugKitMiddleware.php:60
- /var/www/html/cakeinsert/vendor/cakephp/cakephp/src/Http/Runner.php:73
- /var/www/html/cakeinsert/vendor/cakephp/cakephp/src/Http/Runner.php:58
- /var/www/html/cakeinsert/vendor/cakephp/cakephp/src/Http/Server.php:90
- /var/www/html/cakeinsert/webroot/index.php:40

Request URL: /test/add
Client IP: 127.0.0.1
2023-01-12 11:00:19 warning: Unable to save request. Check your debug_kit datasource connection or ensure that PDO SQLite extension is enabled.
2023-01-12 11:00:19 warning: The datasource configuration "debug_kit" was not found.
2023-01-12 11:00:57 warning: DebugKit not enabled. You need to either install pdo_sqlite, or define the "debug_kit" connection name.
2023-01-12 11:00:57 error: [RuntimeException] No context provider found for value of type `App\Model\Table\TestTable`. Use `null` as 1st argument of FormHelper::create() to create a context-less form. in /var/www/html/cakeinsert/vendor/cakephp/cakephp/src/View/Form/ContextFactory.php on line 154
Stack Trace:
- /var/www/html/cakeinsert/vendor/cakephp/cakephp/src/View/Helper/FormHelper.php:2445
- /var/www/html/cakeinsert/vendor/cakephp/cakephp/src/View/Helper/FormHelper.php:376
- /var/www/html/cakeinsert/templates/Test/add.php:16
- /var/www/html/cakeinsert/vendor/cakephp/cakephp/src/View/View.php:1220
- /var/www/html/cakeinsert/vendor/cakephp/cakephp/src/View/View.php:1177
- /var/www/html/cakeinsert/vendor/cakephp/cakephp/src/View/View.php:808
- /var/www/html/cakeinsert/vendor/cakephp/cakephp/src/Controller/Controller.php:773
- /var/www/html/cakeinsert/vendor/cakephp/cakephp/src/Controller/Controller.php:556
- /var/www/html/cakeinsert/vendor/cakephp/cakephp/src/Controller/ControllerFactory.php:139
- /var/www/html/cakeinsert/vendor/cakephp/cakephp/src/Controller/ControllerFactory.php:114
- /var/www/html/cakeinsert/vendor/cakephp/cakephp/src/Http/BaseApplication.php:320
- /var/www/html/cakeinsert/vendor/cakephp/cakephp/src/Http/Runner.php:77
- /var/www/html/cakeinsert/vendor/cakephp/cakephp/src/Http/Middleware/CsrfProtectionMiddleware.php:174
- /var/www/html/cakeinsert/vendor/cakephp/cakephp/src/Http/Runner.php:73
- /var/www/html/cakeinsert/vendor/cakephp/cakephp/src/Http/Middleware/BodyParserMiddleware.php:157
- /var/www/html/cakeinsert/vendor/cakephp/cakephp/src/Http/Runner.php:73
- /var/www/html/cakeinsert/vendor/cakephp/cakephp/src/Routing/Middleware/RoutingMiddleware.php:186
- /var/www/html/cakeinsert/vendor/cakephp/cakephp/src/Http/Runner.php:73
- /var/www/html/cakeinsert/vendor/cakephp/cakephp/src/Routing/Middleware/AssetMiddleware.php:68
- /var/www/html/cakeinsert/vendor/cakephp/cakephp/src/Http/Runner.php:73
- /var/www/html/cakeinsert/vendor/cakephp/cakephp/src/Error/Middleware/ErrorHandlerMiddleware.php:131
- /var/www/html/cakeinsert/vendor/cakephp/cakephp/src/Http/Runner.php:73
- /var/www/html/cakeinsert/vendor/cakephp/debug_kit/src/Middleware/DebugKitMiddleware.php:60
- /var/www/html/cakeinsert/vendor/cakephp/cakephp/src/Http/Runner.php:73
- /var/www/html/cakeinsert/vendor/cakephp/cakephp/src/Http/Runner.php:58
- /var/www/html/cakeinsert/vendor/cakephp/cakephp/src/Http/Server.php:90
- /var/www/html/cakeinsert/webroot/index.php:40

Request URL: /test/add
Client IP: 127.0.0.1
2023-01-12 11:00:57 warning: Unable to save request. Check your debug_kit datasource connection or ensure that PDO SQLite extension is enabled.
2023-01-12 11:00:57 warning: The datasource configuration "debug_kit" was not found.
